INFO:logger:
---------------------------------------------------------------
API v1.0 online: http://localhost:8080/departments/


INFO:werkzeug:[31m[1mWARNING: This is a development server. Do not use it in a production deployment. Use a production WSGI server instead.[0m
 * Running on all addresses (0.0.0.0)
 * Running on http://127.0.0.1:8080
 * Running on http://192.168.1.112:8080
INFO:werkzeug:[33mPress CTRL+C to quit[0m
INFO:werkzeug: * Restarting with stat
INFO:logger:
---------------------------------------------------------------
API v1.0 online: http://localhost:8080/departments/


WARNING:werkzeug: * Debugger is active!
INFO:werkzeug: * Debugger PIN: 119-983-821
INFO:logger:###              DEMO: GET /departments              ###
INFO:werkzeug:127.0.0.1 - - [25/Nov/2024 17:16:36] "[35m[1mGET /departments/ HTTP/1.1[0m" 500 -
INFO:werkzeug:127.0.0.1 - - [25/Nov/2024 17:16:36] "GET /departments/?__debugger__=yes&cmd=resource&f=style.css HTTP/1.1" 200 -
INFO:werkzeug:127.0.0.1 - - [25/Nov/2024 17:16:36] "GET /departments/?__debugger__=yes&cmd=resource&f=debugger.js HTTP/1.1" 200 -
INFO:werkzeug:127.0.0.1 - - [25/Nov/2024 17:16:36] "GET /departments/?__debugger__=yes&cmd=resource&f=console.png&s=J3nxKVUrKCG6cIajnoI4 HTTP/1.1" 200 -
INFO:werkzeug:127.0.0.1 - - [25/Nov/2024 17:16:36] "GET /departments/?__debugger__=yes&cmd=resource&f=console.png HTTP/1.1" 200 -
INFO:werkzeug:127.0.0.1 - - [25/Nov/2024 17:16:47] "GET / HTTP/1.1" 200 -
INFO:werkzeug:127.0.0.1 - - [25/Nov/2024 17:16:47] "[33mGET /favicon.ico HTTP/1.1[0m" 404 -
INFO:werkzeug: * Detected change in 'c:\\Users\\HP\\Desktop\\projetoSGD\\python\\app\\apisgd.py', reloading
INFO:werkzeug: * Restarting with stat
INFO:logger:
---------------------------------------------------------------
API v1.0 online: http://localhost:8080/departments/


WARNING:werkzeug: * Debugger is active!
INFO:werkzeug: * Debugger PIN: 119-983-821
INFO:werkzeug: * Detected change in 'c:\\Users\\HP\\Desktop\\projetoSGD\\python\\app\\apisgd.py', reloading
INFO:werkzeug: * Restarting with stat
INFO:logger:
---------------------------------------------------------------
API v1.0 online: http://localhost:8080/departments/


WARNING:werkzeug: * Debugger is active!
INFO:werkzeug: * Debugger PIN: 119-983-821
INFO:werkzeug: * Detected change in 'c:\\Users\\HP\\Desktop\\projetoSGD\\python\\app\\apisgd.py', reloading
INFO:werkzeug: * Restarting with stat
INFO:logger:
---------------------------------------------------------------
API v1.0 online: http://localhost:8080/departments/


INFO:werkzeug:[31m[1mWARNING: This is a development server. Do not use it in a production deployment. Use a production WSGI server instead.[0m
 * Running on all addresses (0.0.0.0)
 * Running on http://127.0.0.1:8080
 * Running on http://194.210.172.212:8080
INFO:werkzeug:[33mPress CTRL+C to quit[0m
INFO:werkzeug: * Restarting with stat
INFO:logger:
---------------------------------------------------------------
API v1.0 online: http://localhost:8080/departments/


WARNING:werkzeug: * Debugger is active!
INFO:werkzeug: * Debugger PIN: 119-983-821
INFO:logger:
---------------------------------------------------------------
API v1.0 online: http://localhost:8080/departments/


INFO:werkzeug:[31m[1mWARNING: This is a development server. Do not use it in a production deployment. Use a production WSGI server instead.[0m
 * Running on all addresses (0.0.0.0)
 * Running on http://127.0.0.1:8080
 * Running on http://194.210.172.212:8080
INFO:werkzeug:[33mPress CTRL+C to quit[0m
INFO:werkzeug: * Restarting with stat
INFO:logger:
---------------------------------------------------------------
API v1.0 online: http://localhost:8080/departments/


WARNING:werkzeug: * Debugger is active!
INFO:werkzeug: * Debugger PIN: 119-983-821
INFO:logger:
---------------------------------------------------------------
API v1.0 online: http://localhost:8080/departments/


INFO:werkzeug:[31m[1mWARNING: This is a development server. Do not use it in a production deployment. Use a production WSGI server instead.[0m
 * Running on all addresses (0.0.0.0)
 * Running on http://127.0.0.1:8080
 * Running on http://194.210.172.212:8080
INFO:werkzeug:[33mPress CTRL+C to quit[0m
INFO:werkzeug: * Restarting with stat
INFO:logger:
---------------------------------------------------------------
API v1.0 online: http://localhost:8080/departments/


WARNING:werkzeug: * Debugger is active!
INFO:werkzeug: * Debugger PIN: 119-983-821
INFO:logger:
---------------------------------------------------------------
API v1.0 online: http://localhost:8080/departments/


INFO:werkzeug:[31m[1mWARNING: This is a development server. Do not use it in a production deployment. Use a production WSGI server instead.[0m
 * Running on all addresses (0.0.0.0)
 * Running on http://127.0.0.1:8080
 * Running on http://194.210.172.212:8080
INFO:werkzeug:[33mPress CTRL+C to quit[0m
INFO:werkzeug: * Restarting with stat
INFO:logger:
---------------------------------------------------------------
API v1.0 online: http://localhost:8080/departments/


WARNING:werkzeug: * Debugger is active!
INFO:werkzeug: * Debugger PIN: 119-983-821
INFO:werkzeug:127.0.0.1 - - [26/Nov/2024 10:58:31] "[32mPOST /users HTTP/1.1[0m" 308 -
INFO:logger:###              DEMO: POST /user              ###
INFO:werkzeug:127.0.0.1 - - [26/Nov/2024 10:58:31] "[35m[1mPOST /users/ HTTP/1.1[0m" 500 -
INFO:logger:
---------------------------------------------------------------
API v1.0 online: http://localhost:8080/departments/


INFO:werkzeug:[31m[1mWARNING: This is a development server. Do not use it in a production deployment. Use a production WSGI server instead.[0m
 * Running on all addresses (0.0.0.0)
 * Running on http://127.0.0.1:8080
 * Running on http://169.254.212.162:8080
INFO:werkzeug:[33mPress CTRL+C to quit[0m
INFO:werkzeug: * Restarting with stat
INFO:logger:
---------------------------------------------------------------
API v1.0 online: http://localhost:8080/departments/


WARNING:werkzeug: * Debugger is active!
INFO:werkzeug: * Debugger PIN: 119-983-821
INFO:werkzeug:127.0.0.1 - - [26/Nov/2024 13:54:47] "[32mPOST /users HTTP/1.1[0m" 308 -
INFO:logger:###              DEMO: POST /user              ###
INFO:werkzeug:127.0.0.1 - - [26/Nov/2024 13:54:51] "[35m[1mPOST /users/ HTTP/1.1[0m" 500 -
INFO:werkzeug:127.0.0.1 - - [26/Nov/2024 13:57:56] "[32mPOST /users HTTP/1.1[0m" 308 -
INFO:logger:###              DEMO: POST /user              ###
INFO:werkzeug:127.0.0.1 - - [26/Nov/2024 13:58:00] "[35m[1mPOST /users/ HTTP/1.1[0m" 500 -
INFO:werkzeug: * Detected change in 'c:\\Users\\HP\\Desktop\\projetoSGD\\python\\app\\apisgd.py', reloading
INFO:werkzeug: * Restarting with stat
INFO:logger:
---------------------------------------------------------------
API v1.0 online: http://localhost:8080/departments/


WARNING:werkzeug: * Debugger is active!
INFO:werkzeug: * Debugger PIN: 119-983-821
INFO:logger:
---------------------------------------------------------------
API v1.0 online: http://localhost:8080/departments/


INFO:werkzeug:[31m[1mWARNING: This is a development server. Do not use it in a production deployment. Use a production WSGI server instead.[0m
 * Running on all addresses (0.0.0.0)
 * Running on http://127.0.0.1:8080
 * Running on http://194.210.172.212:8080
INFO:werkzeug:[33mPress CTRL+C to quit[0m
INFO:werkzeug: * Restarting with stat
INFO:logger:
---------------------------------------------------------------
API v1.0 online: http://localhost:8080/departments/


WARNING:werkzeug: * Debugger is active!
INFO:werkzeug: * Debugger PIN: 119-983-821
INFO:werkzeug:127.0.0.1 - - [26/Nov/2024 14:00:33] "[32mPOST /users HTTP/1.1[0m" 308 -
INFO:logger:###              DEMO: POST /user              ###
INFO:werkzeug:127.0.0.1 - - [26/Nov/2024 14:00:34] "[35m[1mPOST /users/ HTTP/1.1[0m" 500 -
INFO:werkzeug: * Detected change in 'c:\\Users\\HP\\Desktop\\projetoSGD\\python\\app\\apisgd.py', reloading
INFO:werkzeug: * Restarting with stat
INFO:logger:
---------------------------------------------------------------
API v1.0 online: http://localhost:8080/departments/


WARNING:werkzeug: * Debugger is active!
INFO:werkzeug: * Debugger PIN: 119-983-821
INFO:werkzeug:127.0.0.1 - - [26/Nov/2024 14:15:52] "[32mPOST /users HTTP/1.1[0m" 308 -
INFO:logger:###              DEMO: POST /user              ###
INFO:werkzeug:127.0.0.1 - - [26/Nov/2024 14:15:56] "[35m[1mPOST /users/ HTTP/1.1[0m" 500 -
INFO:werkzeug: * Detected change in 'c:\\Users\\HP\\Desktop\\projetoSGD\\python\\app\\apisgd.py', reloading
INFO:werkzeug: * Restarting with stat
INFO:logger:
---------------------------------------------------------------
API v1.0 online: http://localhost:8080/departments/


WARNING:werkzeug: * Debugger is active!
INFO:werkzeug: * Debugger PIN: 119-983-821
INFO:werkzeug:127.0.0.1 - - [26/Nov/2024 14:18:19] "[32mPOST /users HTTP/1.1[0m" 308 -
INFO:logger:###              DEMO: POST /user              ###
INFO:werkzeug:127.0.0.1 - - [26/Nov/2024 14:18:19] "[35m[1mPOST /users/ HTTP/1.1[0m" 500 -
INFO:werkzeug:127.0.0.1 - - [26/Nov/2024 14:22:12] "[32mPOST /users HTTP/1.1[0m" 308 -
INFO:logger:###              DEMO: POST /user              ###
INFO:werkzeug:127.0.0.1 - - [26/Nov/2024 14:22:12] "[35m[1mPOST /users/ HTTP/1.1[0m" 500 -
INFO:logger:
---------------------------------------------------------------
API v1.0 online: http://localhost:8080/departments/


INFO:werkzeug:[31m[1mWARNING: This is a development server. Do not use it in a production deployment. Use a production WSGI server instead.[0m
 * Running on all addresses (0.0.0.0)
 * Running on http://127.0.0.1:8080
 * Running on http://194.210.172.212:8080
INFO:werkzeug:[33mPress CTRL+C to quit[0m
INFO:werkzeug: * Restarting with stat
INFO:logger:
---------------------------------------------------------------
API v1.0 online: http://localhost:8080/departments/


WARNING:werkzeug: * Debugger is active!
INFO:werkzeug: * Debugger PIN: 119-983-821
INFO:logger:
---------------------------------------------------------------
API v1.0 online: http://localhost:8080/departments/


INFO:werkzeug:[31m[1mWARNING: This is a development server. Do not use it in a production deployment. Use a production WSGI server instead.[0m
 * Running on all addresses (0.0.0.0)
 * Running on http://127.0.0.1:8080
 * Running on http://194.210.172.212:8080
INFO:werkzeug:[33mPress CTRL+C to quit[0m
INFO:werkzeug: * Restarting with stat
INFO:logger:
---------------------------------------------------------------
API v1.0 online: http://localhost:8080/departments/


WARNING:werkzeug: * Debugger is active!
INFO:werkzeug: * Debugger PIN: 119-983-821
INFO:werkzeug:127.0.0.1 - - [26/Nov/2024 14:51:47] "[33mGET /departments//n/n HTTP/1.1[0m" 404 -
INFO:werkzeug:127.0.0.1 - - [26/Nov/2024 14:51:47] "[33mGET /favicon.ico HTTP/1.1[0m" 404 -
INFO:werkzeug:127.0.0.1 - - [26/Nov/2024 14:51:56] "[33mGET /test HTTP/1.1[0m" 404 -
INFO:logger:
---------------------------------------------------------------
API v1.0 online: http://localhost:8080/departments/


INFO:werkzeug:[31m[1mWARNING: This is a development server. Do not use it in a production deployment. Use a production WSGI server instead.[0m
 * Running on all addresses (0.0.0.0)
 * Running on http://127.0.0.1:8080
 * Running on http://194.210.172.212:8080
INFO:werkzeug:[33mPress CTRL+C to quit[0m
INFO:werkzeug: * Restarting with stat
INFO:logger:
---------------------------------------------------------------
API v1.0 online: http://localhost:8080/departments/


WARNING:werkzeug: * Debugger is active!
INFO:werkzeug: * Debugger PIN: 119-983-821
INFO:werkzeug:127.0.0.1 - - [26/Nov/2024 14:59:29] "[33mGET /tests HTTP/1.1[0m" 404 -
INFO:werkzeug:127.0.0.1 - - [26/Nov/2024 14:59:33] "[33mGET /tests HTTP/1.1[0m" 404 -
INFO:logger:
---------------------------------------------------------------
API v1.0 online: http://localhost:8080/departments/


INFO:werkzeug:[31m[1mWARNING: This is a development server. Do not use it in a production deployment. Use a production WSGI server instead.[0m
 * Running on all addresses (0.0.0.0)
 * Running on http://127.0.0.1:8080
 * Running on http://194.210.172.212:8080
INFO:werkzeug:[33mPress CTRL+C to quit[0m
INFO:werkzeug: * Restarting with stat
INFO:logger:
---------------------------------------------------------------
API v1.0 online: http://localhost:8080/departments/


WARNING:werkzeug: * Debugger is active!
INFO:werkzeug: * Debugger PIN: 119-983-821
INFO:werkzeug:127.0.0.1 - - [26/Nov/2024 15:00:03] "[33mGET /tests HTTP/1.1[0m" 404 -
INFO:werkzeug:127.0.0.1 - - [26/Nov/2024 15:00:06] "[33mGET /tests HTTP/1.1[0m" 404 -
INFO:werkzeug:127.0.0.1 - - [26/Nov/2024 15:00:09] "[33mGET /tests/ HTTP/1.1[0m" 404 -
INFO:werkzeug: * Detected change in 'c:\\Users\\HP\\Desktop\\projetoSGD\\python\\app\\apisgd.py', reloading
INFO:werkzeug: * Restarting with stat
INFO:logger:
---------------------------------------------------------------
API v1.0 online: http://localhost:8080/tests/
INFO:werkzeug:[31m[1mWARNING: This is a development server. Do not use it in a production deployment. Use a production WSGI server instead.[0m
 * Running on all addresses (0.0.0.0)
 * Running on http://127.0.0.1:8080
 * Running on http://194.210.172.212:8080
INFO:werkzeug:[33mPress CTRL+C to quit[0m
INFO:werkzeug: * Restarting with stat
INFO:logger:
---------------------------------------------------------------
API v1.0 online: http://localhost:8080/tests/
WARNING:werkzeug: * Debugger is active!
INFO:werkzeug: * Debugger PIN: 119-983-821
INFO:logger:###              DEMO: GET /tests              ###
INFO:werkzeug:127.0.0.1 - - [26/Nov/2024 15:00:29] "[31m[1mGET /tests/ HTTP/1.1[0m" 415 -
INFO:werkzeug: * Detected change in 'c:\\Users\\HP\\Desktop\\projetoSGD\\python\\app\\apisgd.py', reloading
INFO:werkzeug: * Restarting with stat
INFO:logger:
---------------------------------------------------------------
API v1.0 online: http://localhost:8080/tests/
INFO:werkzeug:[31m[1mWARNING: This is a development server. Do not use it in a production deployment. Use a production WSGI server instead.[0m
 * Running on all addresses (0.0.0.0)
 * Running on http://127.0.0.1:8080
 * Running on http://194.210.172.212:8080
INFO:werkzeug:[33mPress CTRL+C to quit[0m
INFO:werkzeug: * Restarting with stat
INFO:logger:
---------------------------------------------------------------
API v1.0 online: http://localhost:8080/tests/
WARNING:werkzeug: * Debugger is active!
INFO:werkzeug: * Debugger PIN: 119-983-821
INFO:werkzeug: * Detected change in 'c:\\Users\\HP\\Desktop\\projetoSGD\\python\\app\\apisgd.py', reloading
INFO:werkzeug: * Restarting with stat
INFO:logger:
---------------------------------------------------------------
API v1.0 online: http://localhost:8080/
INFO:werkzeug:[31m[1mWARNING: This is a development server. Do not use it in a production deployment. Use a production WSGI server instead.[0m
 * Running on all addresses (0.0.0.0)
 * Running on http://127.0.0.1:8080
 * Running on http://194.210.172.212:8080
INFO:werkzeug:[33mPress CTRL+C to quit[0m
INFO:werkzeug: * Restarting with stat
INFO:logger:
---------------------------------------------------------------
API v1.0 online: http://localhost:8080/
WARNING:werkzeug: * Debugger is active!
INFO:werkzeug: * Debugger PIN: 119-983-821
INFO:werkzeug:127.0.0.1 - - [26/Nov/2024 15:03:10] "[33mGET /schedules HTTP/1.1[0m" 404 -
INFO:werkzeug:127.0.0.1 - - [26/Nov/2024 15:03:58] "GET / HTTP/1.1" 200 -
INFO:werkzeug:127.0.0.1 - - [26/Nov/2024 15:04:32] "[32mPOST /users HTTP/1.1[0m" 308 -
INFO:logger:###              DEMO: POST /user              ###
INFO:werkzeug:127.0.0.1 - - [26/Nov/2024 15:04:32] "[35m[1mPOST /users/ HTTP/1.1[0m" 500 -
INFO:werkzeug: * Detected change in 'c:\\Users\\HP\\Desktop\\projetoSGD\\python\\app\\apisgd.py', reloading
INFO:werkzeug: * Restarting with stat
INFO:logger:
---------------------------------------------------------------
API v1.0 online: http://localhost:8080/
WARNING:werkzeug: * Debugger is active!
INFO:werkzeug: * Debugger PIN: 119-983-821
INFO:logger:
---------------------------------------------------------------
API v1.0 online: http://localhost:8080/
INFO:werkzeug:[31m[1mWARNING: This is a development server. Do not use it in a production deployment. Use a production WSGI server instead.[0m
 * Running on all addresses (0.0.0.0)
 * Running on http://127.0.0.1:8080
 * Running on http://194.210.172.212:8080
INFO:werkzeug:[33mPress CTRL+C to quit[0m
INFO:werkzeug: * Restarting with stat
INFO:logger:
---------------------------------------------------------------
API v1.0 online: http://localhost:8080/
WARNING:werkzeug: * Debugger is active!
INFO:werkzeug: * Debugger PIN: 119-983-821
INFO:werkzeug:127.0.0.1 - - [26/Nov/2024 15:10:31] "[32mGET /users HTTP/1.1[0m" 308 -
INFO:logger:###              DEMO: GET /users              ###
INFO:werkzeug:127.0.0.1 - - [26/Nov/2024 15:10:31] "[31m[1mGET /users/ HTTP/1.1[0m" 415 -
INFO:werkzeug: * Detected change in 'c:\\Users\\HP\\Desktop\\projetoSGD\\python\\app\\apisgd.py', reloading
INFO:werkzeug: * Restarting with stat
INFO:logger:
---------------------------------------------------------------
API v1.0 online: http://localhost:8080/
INFO:werkzeug:[31m[1mWARNING: This is a development server. Do not use it in a production deployment. Use a production WSGI server instead.[0m
 * Running on all addresses (0.0.0.0)
 * Running on http://127.0.0.1:8080
 * Running on http://194.210.172.212:8080
INFO:werkzeug:[33mPress CTRL+C to quit[0m
INFO:werkzeug: * Restarting with stat
INFO:logger:
---------------------------------------------------------------
API v1.0 online: http://localhost:8080/
WARNING:werkzeug: * Debugger is active!
INFO:werkzeug: * Debugger PIN: 119-983-821
INFO:logger:###              DEMO: GET /users              ###
INFO:werkzeug:127.0.0.1 - - [26/Nov/2024 15:15:13] "[35m[1mGET /users/ HTTP/1.1[0m" 500 -
INFO:werkzeug:127.0.0.1 - - [26/Nov/2024 15:15:13] "GET /users/?__debugger__=yes&cmd=resource&f=style.css HTTP/1.1" 200 -
INFO:werkzeug:127.0.0.1 - - [26/Nov/2024 15:15:14] "GET /users/?__debugger__=yes&cmd=resource&f=debugger.js HTTP/1.1" 200 -
INFO:werkzeug:127.0.0.1 - - [26/Nov/2024 15:15:14] "GET /users/?__debugger__=yes&cmd=resource&f=console.png&s=DOlRGtjqdPtHrSecAFNz HTTP/1.1" 200 -
INFO:werkzeug:127.0.0.1 - - [26/Nov/2024 15:15:14] "GET /users/?__debugger__=yes&cmd=resource&f=console.png HTTP/1.1" 200 -
INFO:werkzeug: * Detected change in 'c:\\Users\\HP\\Desktop\\projetoSGD\\python\\app\\apisgd.py', reloading
INFO:werkzeug: * Restarting with stat
INFO:logger:
---------------------------------------------------------------
API v1.0 online: http://localhost:8080/
INFO:werkzeug:[31m[1mWARNING: This is a development server. Do not use it in a production deployment. Use a production WSGI server instead.[0m
 * Running on all addresses (0.0.0.0)
 * Running on http://127.0.0.1:8080
 * Running on http://194.210.172.212:8080
INFO:werkzeug:[33mPress CTRL+C to quit[0m
INFO:werkzeug: * Restarting with stat
INFO:logger:
---------------------------------------------------------------
API v1.0 online: http://localhost:8080/
WARNING:werkzeug: * Debugger is active!
INFO:werkzeug: * Debugger PIN: 119-983-821
INFO:logger:###              DEMO: GET /users              ###
INFO:werkzeug:127.0.0.1 - - [26/Nov/2024 15:16:26] "[35m[1mGET /users/ HTTP/1.1[0m" 500 -
INFO:werkzeug:127.0.0.1 - - [26/Nov/2024 15:16:26] "[36mGET /users/?__debugger__=yes&cmd=resource&f=style.css HTTP/1.1[0m" 304 -
INFO:werkzeug:127.0.0.1 - - [26/Nov/2024 15:16:26] "[36mGET /users/?__debugger__=yes&cmd=resource&f=debugger.js HTTP/1.1[0m" 304 -
INFO:werkzeug:127.0.0.1 - - [26/Nov/2024 15:16:26] "GET /users/?__debugger__=yes&cmd=resource&f=console.png&s=GWrPxIGDNeF84fC8KECu HTTP/1.1" 200 -
INFO:werkzeug:127.0.0.1 - - [26/Nov/2024 15:16:27] "[36mGET /users/?__debugger__=yes&cmd=resource&f=console.png HTTP/1.1[0m" 304 -
INFO:logger:###              DEMO: GET /users              ###
INFO:werkzeug:127.0.0.1 - - [26/Nov/2024 15:16:29] "[35m[1mGET /users/ HTTP/1.1[0m" 500 -
INFO:werkzeug:127.0.0.1 - - [26/Nov/2024 15:16:29] "[36mGET /users/?__debugger__=yes&cmd=resource&f=style.css HTTP/1.1[0m" 304 -
INFO:werkzeug:127.0.0.1 - - [26/Nov/2024 15:16:29] "[36mGET /users/?__debugger__=yes&cmd=resource&f=debugger.js HTTP/1.1[0m" 304 -
INFO:werkzeug:127.0.0.1 - - [26/Nov/2024 15:16:29] "[36mGET /users/?__debugger__=yes&cmd=resource&f=console.png&s=GWrPxIGDNeF84fC8KECu HTTP/1.1[0m" 304 -
INFO:werkzeug:127.0.0.1 - - [26/Nov/2024 15:16:30] "[36mGET /users/?__debugger__=yes&cmd=resource&f=console.png HTTP/1.1[0m" 304 -
INFO:werkzeug: * Detected change in 'c:\\Users\\HP\\Desktop\\projetoSGD\\python\\app\\apisgd.py', reloading
INFO:werkzeug: * Restarting with stat
INFO:logger:
---------------------------------------------------------------
API v1.0 online: http://localhost:8080/
WARNING:werkzeug: * Debugger is active!
INFO:werkzeug: * Debugger PIN: 119-983-821
INFO:logger:
---------------------------------------------------------------
API v1.0 online: http://localhost:8080/
INFO:werkzeug:[31m[1mWARNING: This is a development server. Do not use it in a production deployment. Use a production WSGI server instead.[0m
 * Running on all addresses (0.0.0.0)
 * Running on http://127.0.0.1:8080
 * Running on http://194.210.172.212:8080
INFO:werkzeug:[33mPress CTRL+C to quit[0m
INFO:werkzeug: * Restarting with stat
INFO:logger:
---------------------------------------------------------------
API v1.0 online: http://localhost:8080/
WARNING:werkzeug: * Debugger is active!
INFO:werkzeug: * Debugger PIN: 119-983-821
INFO:logger:###              DEMO: GET /users              ###
INFO:werkzeug:127.0.0.1 - - [26/Nov/2024 15:17:00] "[35m[1mGET /users/ HTTP/1.1[0m" 500 -
INFO:werkzeug:127.0.0.1 - - [26/Nov/2024 15:17:00] "[36mGET /users/?__debugger__=yes&cmd=resource&f=style.css HTTP/1.1[0m" 304 -
INFO:werkzeug:127.0.0.1 - - [26/Nov/2024 15:17:00] "[36mGET /users/?__debugger__=yes&cmd=resource&f=debugger.js HTTP/1.1[0m" 304 -
INFO:werkzeug:127.0.0.1 - - [26/Nov/2024 15:17:00] "GET /users/?__debugger__=yes&cmd=resource&f=console.png&s=WvpB8LrBlObWbExCjJKJ HTTP/1.1" 200 -
INFO:werkzeug:127.0.0.1 - - [26/Nov/2024 15:17:01] "[36mGET /users/?__debugger__=yes&cmd=resource&f=console.png HTTP/1.1[0m" 304 -
INFO:logger:
---------------------------------------------------------------
API v1.0 online: http://localhost:8080/
INFO:werkzeug:[31m[1mWARNING: This is a development server. Do not use it in a production deployment. Use a production WSGI server instead.[0m
 * Running on all addresses (0.0.0.0)
 * Running on http://127.0.0.1:8080
 * Running on http://194.210.172.212:8080
INFO:werkzeug:[33mPress CTRL+C to quit[0m
INFO:werkzeug: * Restarting with stat
INFO:logger:
---------------------------------------------------------------
API v1.0 online: http://localhost:8080/
WARNING:werkzeug: * Debugger is active!
INFO:werkzeug: * Debugger PIN: 119-983-821
INFO:logger:
---------------------------------------------------------------
API v1.0 online: http://localhost:8080/
INFO:werkzeug:[31m[1mWARNING: This is a development server. Do not use it in a production deployment. Use a production WSGI server instead.[0m
 * Running on all addresses (0.0.0.0)
 * Running on http://127.0.0.1:8080
 * Running on http://194.210.172.212:8080
INFO:werkzeug:[33mPress CTRL+C to quit[0m
INFO:werkzeug: * Restarting with stat
INFO:logger:
---------------------------------------------------------------
API v1.0 online: http://localhost:8080/
WARNING:werkzeug: * Debugger is active!
INFO:werkzeug: * Debugger PIN: 119-983-821
INFO:werkzeug:127.0.0.1 - - [26/Nov/2024 15:20:55] "GET / HTTP/1.1" 200 -
INFO:werkzeug:127.0.0.1 - - [26/Nov/2024 15:21:45] "GET / HTTP/1.1" 200 -
INFO:logger:###              DEMO: GET /users              ###
INFO:werkzeug:127.0.0.1 - - [26/Nov/2024 15:21:51] "[35m[1mGET /users/ HTTP/1.1[0m" 500 -
INFO:werkzeug:127.0.0.1 - - [26/Nov/2024 15:21:52] "[36mGET /users/?__debugger__=yes&cmd=resource&f=style.css HTTP/1.1[0m" 304 -
INFO:werkzeug:127.0.0.1 - - [26/Nov/2024 15:21:52] "[36mGET /users/?__debugger__=yes&cmd=resource&f=debugger.js HTTP/1.1[0m" 304 -
INFO:werkzeug:127.0.0.1 - - [26/Nov/2024 15:21:52] "GET /users/?__debugger__=yes&cmd=resource&f=console.png&s=xC7Oo5QobpdzLayxtYrz HTTP/1.1" 200 -
INFO:werkzeug:127.0.0.1 - - [26/Nov/2024 15:21:52] "[36mGET /users/?__debugger__=yes&cmd=resource&f=console.png HTTP/1.1[0m" 304 -
INFO:werkzeug: * Detected change in 'c:\\Users\\HP\\Desktop\\projetoSGD\\python\\app\\apisgd.py', reloading
INFO:werkzeug: * Restarting with stat
INFO:logger:
---------------------------------------------------------------
API v1.0 online: http://localhost:8080/
WARNING:werkzeug: * Debugger is active!
INFO:werkzeug: * Debugger PIN: 119-983-821
INFO:logger:
---------------------------------------------------------------
API v1.0 online: http://localhost:8080/
INFO:werkzeug:[31m[1mWARNING: This is a development server. Do not use it in a production deployment. Use a production WSGI server instead.[0m
 * Running on all addresses (0.0.0.0)
 * Running on http://127.0.0.1:8080
 * Running on http://194.210.172.212:8080
INFO:werkzeug:[33mPress CTRL+C to quit[0m
INFO:werkzeug: * Restarting with stat
INFO:logger:
---------------------------------------------------------------
API v1.0 online: http://localhost:8080/
WARNING:werkzeug: * Debugger is active!
INFO:werkzeug: * Debugger PIN: 119-983-821
INFO:logger:###              DEMO: GET /users              ###
INFO:werkzeug:127.0.0.1 - - [26/Nov/2024 15:23:05] "[35m[1mGET /users/ HTTP/1.1[0m" 500 -
INFO:werkzeug:127.0.0.1 - - [26/Nov/2024 15:23:05] "[36mGET /users/?__debugger__=yes&cmd=resource&f=style.css HTTP/1.1[0m" 304 -
INFO:werkzeug:127.0.0.1 - - [26/Nov/2024 15:23:05] "[36mGET /users/?__debugger__=yes&cmd=resource&f=debugger.js HTTP/1.1[0m" 304 -
INFO:werkzeug:127.0.0.1 - - [26/Nov/2024 15:23:06] "GET /users/?__debugger__=yes&cmd=resource&f=console.png&s=Vbor7Ke1FydqaQ6nuat8 HTTP/1.1" 200 -
INFO:werkzeug:127.0.0.1 - - [26/Nov/2024 15:23:06] "[36mGET /users/?__debugger__=yes&cmd=resource&f=console.png HTTP/1.1[0m" 304 -
INFO:logger:###              DEMO: GET /users              ###
INFO:werkzeug:127.0.0.1 - - [26/Nov/2024 15:23:08] "[35m[1mGET /users/ HTTP/1.1[0m" 500 -
INFO:werkzeug:127.0.0.1 - - [26/Nov/2024 15:23:09] "[36mGET /users/?__debugger__=yes&cmd=resource&f=style.css HTTP/1.1[0m" 304 -
INFO:werkzeug:127.0.0.1 - - [26/Nov/2024 15:23:09] "[36mGET /users/?__debugger__=yes&cmd=resource&f=debugger.js HTTP/1.1[0m" 304 -
INFO:werkzeug:127.0.0.1 - - [26/Nov/2024 15:23:09] "[36mGET /users/?__debugger__=yes&cmd=resource&f=console.png&s=Vbor7Ke1FydqaQ6nuat8 HTTP/1.1[0m" 304 -
INFO:werkzeug:127.0.0.1 - - [26/Nov/2024 15:23:09] "[36mGET /users/?__debugger__=yes&cmd=resource&f=console.png HTTP/1.1[0m" 304 -
INFO:werkzeug: * Detected change in 'c:\\Users\\HP\\Desktop\\projetoSGD\\python\\app\\apisgd.py', reloading
INFO:werkzeug: * Restarting with stat
INFO:logger:
---------------------------------------------------------------
API v1.0 online: http://localhost:8080/
INFO:werkzeug:[31m[1mWARNING: This is a development server. Do not use it in a production deployment. Use a production WSGI server instead.[0m
 * Running on all addresses (0.0.0.0)
 * Running on http://127.0.0.1:8080
 * Running on http://194.210.172.212:8080
INFO:werkzeug:[33mPress CTRL+C to quit[0m
INFO:werkzeug: * Restarting with stat
INFO:logger:
---------------------------------------------------------------
API v1.0 online: http://localhost:8080/
WARNING:werkzeug: * Debugger is active!
INFO:werkzeug: * Debugger PIN: 119-983-821
INFO:logger:###              DEMO: GET /users              ###
INFO:werkzeug:127.0.0.1 - - [26/Nov/2024 15:23:44] "[35m[1mGET /users/ HTTP/1.1[0m" 500 -
INFO:werkzeug:127.0.0.1 - - [26/Nov/2024 15:23:44] "[36mGET /users/?__debugger__=yes&cmd=resource&f=debugger.js HTTP/1.1[0m" 304 -
INFO:werkzeug:127.0.0.1 - - [26/Nov/2024 15:23:44] "[36mGET /users/?__debugger__=yes&cmd=resource&f=style.css HTTP/1.1[0m" 304 -
INFO:werkzeug:127.0.0.1 - - [26/Nov/2024 15:23:44] "GET /users/?__debugger__=yes&cmd=resource&f=console.png&s=J2JBIJVbrUZGyqWqPKvN HTTP/1.1" 200 -
INFO:werkzeug:127.0.0.1 - - [26/Nov/2024 15:23:45] "[36mGET /users/?__debugger__=yes&cmd=resource&f=console.png HTTP/1.1[0m" 304 -
INFO:logger:
---------------------------------------------------------------
API v1.0 online: http://localhost:8080/
INFO:werkzeug:[31m[1mWARNING: This is a development server. Do not use it in a production deployment. Use a production WSGI server instead.[0m
 * Running on all addresses (0.0.0.0)
 * Running on http://127.0.0.1:8080
 * Running on http://194.210.172.212:8080
INFO:werkzeug:[33mPress CTRL+C to quit[0m
INFO:werkzeug: * Restarting with stat
INFO:logger:
---------------------------------------------------------------
API v1.0 online: http://localhost:8080/
WARNING:werkzeug: * Debugger is active!
INFO:werkzeug: * Debugger PIN: 119-983-821
INFO:logger:###              DEMO: GET /users              ###
INFO:werkzeug:127.0.0.1 - - [26/Nov/2024 15:27:27] "[35m[1mGET /users/ HTTP/1.1[0m" 500 -
INFO:werkzeug:127.0.0.1 - - [26/Nov/2024 15:27:28] "[36mGET /users/?__debugger__=yes&cmd=resource&f=style.css HTTP/1.1[0m" 304 -
INFO:werkzeug:127.0.0.1 - - [26/Nov/2024 15:27:28] "[36mGET /users/?__debugger__=yes&cmd=resource&f=debugger.js HTTP/1.1[0m" 304 -
INFO:werkzeug:127.0.0.1 - - [26/Nov/2024 15:27:28] "GET /users/?__debugger__=yes&cmd=resource&f=console.png&s=E3Uen7Mlx3bWFomo0AS9 HTTP/1.1" 200 -
INFO:werkzeug:127.0.0.1 - - [26/Nov/2024 15:27:28] "[36mGET /users/?__debugger__=yes&cmd=resource&f=console.png HTTP/1.1[0m" 304 -
INFO:werkzeug: * Detected change in 'c:\\Users\\HP\\Desktop\\projetoSGD\\python\\app\\apisgd.py', reloading
INFO:werkzeug: * Restarting with stat
INFO:logger:
---------------------------------------------------------------
API v1.0 online: http://localhost:8080/
WARNING:werkzeug: * Debugger is active!
INFO:werkzeug: * Debugger PIN: 119-983-821
INFO:logger:
---------------------------------------------------------------
API v1.0 online: http://localhost:8080/
INFO:werkzeug:[31m[1mWARNING: This is a development server. Do not use it in a production deployment. Use a production WSGI server instead.[0m
 * Running on all addresses (0.0.0.0)
 * Running on http://127.0.0.1:8080
 * Running on http://194.210.172.212:8080
INFO:werkzeug:[33mPress CTRL+C to quit[0m
INFO:werkzeug: * Restarting with stat
INFO:logger:
---------------------------------------------------------------
API v1.0 online: http://localhost:8080/
WARNING:werkzeug: * Debugger is active!
INFO:werkzeug: * Debugger PIN: 119-983-821
INFO:logger:###              DEMO: GET /users              ###
INFO:werkzeug:127.0.0.1 - - [26/Nov/2024 15:29:27] "[35m[1mGET /users/ HTTP/1.1[0m" 500 -
INFO:werkzeug:127.0.0.1 - - [26/Nov/2024 15:29:27] "[36mGET /users/?__debugger__=yes&cmd=resource&f=style.css HTTP/1.1[0m" 304 -
INFO:werkzeug:127.0.0.1 - - [26/Nov/2024 15:29:27] "[36mGET /users/?__debugger__=yes&cmd=resource&f=debugger.js HTTP/1.1[0m" 304 -
INFO:werkzeug:127.0.0.1 - - [26/Nov/2024 15:29:28] "GET /users/?__debugger__=yes&cmd=resource&f=console.png&s=xJoVwOzZMBimYX029dhQ HTTP/1.1" 200 -
INFO:werkzeug:127.0.0.1 - - [26/Nov/2024 15:29:28] "[36mGET /users/?__debugger__=yes&cmd=resource&f=console.png HTTP/1.1[0m" 304 -
INFO:logger:
---------------------------------------------------------------
API v1.0 online: http://localhost:8080/
INFO:werkzeug:[31m[1mWARNING: This is a development server. Do not use it in a production deployment. Use a production WSGI server instead.[0m
 * Running on all addresses (0.0.0.0)
 * Running on http://127.0.0.1:8080
 * Running on http://194.210.172.212:8080
INFO:werkzeug:[33mPress CTRL+C to quit[0m
INFO:werkzeug: * Restarting with stat
INFO:logger:
---------------------------------------------------------------
API v1.0 online: http://localhost:8080/
WARNING:werkzeug: * Debugger is active!
INFO:werkzeug: * Debugger PIN: 119-983-821
INFO:logger:###              DEMO: GET /users              ###
INFO:werkzeug:127.0.0.1 - - [26/Nov/2024 15:36:11] "[35m[1mGET /users/ HTTP/1.1[0m" 500 -
INFO:werkzeug:127.0.0.1 - - [26/Nov/2024 15:36:11] "[36mGET /users/?__debugger__=yes&cmd=resource&f=style.css HTTP/1.1[0m" 304 -
INFO:werkzeug:127.0.0.1 - - [26/Nov/2024 15:36:11] "[36mGET /users/?__debugger__=yes&cmd=resource&f=debugger.js HTTP/1.1[0m" 304 -
INFO:werkzeug:127.0.0.1 - - [26/Nov/2024 15:36:11] "GET /users/?__debugger__=yes&cmd=resource&f=console.png&s=hyMevlfDxr0QkF4IuNkB HTTP/1.1" 200 -
INFO:werkzeug:127.0.0.1 - - [26/Nov/2024 15:36:11] "[36mGET /users/?__debugger__=yes&cmd=resource&f=console.png HTTP/1.1[0m" 304 -
INFO:logger:###              DEMO: GET /users              ###
INFO:werkzeug:127.0.0.1 - - [26/Nov/2024 15:36:14] "[35m[1mGET /users/ HTTP/1.1[0m" 500 -
INFO:werkzeug:127.0.0.1 - - [26/Nov/2024 15:36:14] "[36mGET /users/?__debugger__=yes&cmd=resource&f=style.css HTTP/1.1[0m" 304 -
INFO:werkzeug:127.0.0.1 - - [26/Nov/2024 15:36:14] "[36mGET /users/?__debugger__=yes&cmd=resource&f=debugger.js HTTP/1.1[0m" 304 -
INFO:werkzeug:127.0.0.1 - - [26/Nov/2024 15:36:15] "[36mGET /users/?__debugger__=yes&cmd=resource&f=console.png&s=hyMevlfDxr0QkF4IuNkB HTTP/1.1[0m" 304 -
INFO:werkzeug:127.0.0.1 - - [26/Nov/2024 15:36:15] "[36mGET /users/?__debugger__=yes&cmd=resource&f=console.png HTTP/1.1[0m" 304 -
INFO:logger:
---------------------------------------------------------------
API v1.0 online: http://localhost:8080/
INFO:werkzeug:[31m[1mWARNING: This is a development server. Do not use it in a production deployment. Use a production WSGI server instead.[0m
 * Running on all addresses (0.0.0.0)
 * Running on http://127.0.0.1:8080
 * Running on http://194.210.172.212:8080
INFO:werkzeug:[33mPress CTRL+C to quit[0m
INFO:werkzeug: * Restarting with stat
INFO:logger:
---------------------------------------------------------------
API v1.0 online: http://localhost:8080/
WARNING:werkzeug: * Debugger is active!
INFO:werkzeug: * Debugger PIN: 119-983-821
INFO:logger:###              DEMO: GET /users              ###
INFO:werkzeug:127.0.0.1 - - [26/Nov/2024 15:44:25] "[35m[1mGET /users/ HTTP/1.1[0m" 500 -
INFO:werkzeug:127.0.0.1 - - [26/Nov/2024 15:44:25] "[36mGET /users/?__debugger__=yes&cmd=resource&f=style.css HTTP/1.1[0m" 304 -
INFO:werkzeug:127.0.0.1 - - [26/Nov/2024 15:44:25] "[36mGET /users/?__debugger__=yes&cmd=resource&f=debugger.js HTTP/1.1[0m" 304 -
INFO:werkzeug:127.0.0.1 - - [26/Nov/2024 15:44:26] "GET /users/?__debugger__=yes&cmd=resource&f=console.png&s=fok6siLA6aauKdEhs15w HTTP/1.1" 200 -
INFO:werkzeug:127.0.0.1 - - [26/Nov/2024 15:44:26] "[36mGET /users/?__debugger__=yes&cmd=resource&f=console.png HTTP/1.1[0m" 304 -
INFO:werkzeug: * Detected change in 'c:\\Users\\HP\\Desktop\\projetoSGD\\python\\app\\apisgd.py', reloading
INFO:werkzeug: * Restarting with stat
INFO:logger:
---------------------------------------------------------------
API v1.0 online: http://localhost:8080/
INFO:werkzeug:[31m[1mWARNING: This is a development server. Do not use it in a production deployment. Use a production WSGI server instead.[0m
 * Running on http://127.0.0.1:8080
INFO:werkzeug:[33mPress CTRL+C to quit[0m
INFO:werkzeug: * Restarting with stat
INFO:logger:
---------------------------------------------------------------
API v1.0 online: http://localhost:8080/
WARNING:werkzeug: * Debugger is active!
INFO:werkzeug: * Debugger PIN: 119-983-821
INFO:logger:###              DEMO: GET /users              ###
INFO:werkzeug:127.0.0.1 - - [26/Nov/2024 15:54:49] "[35m[1mGET /users/ HTTP/1.1[0m" 500 -
INFO:werkzeug:127.0.0.1 - - [26/Nov/2024 15:54:50] "[36mGET /users/?__debugger__=yes&cmd=resource&f=style.css HTTP/1.1[0m" 304 -
INFO:werkzeug:127.0.0.1 - - [26/Nov/2024 15:54:50] "[36mGET /users/?__debugger__=yes&cmd=resource&f=debugger.js HTTP/1.1[0m" 304 -
INFO:werkzeug:127.0.0.1 - - [26/Nov/2024 15:54:50] "GET /users/?__debugger__=yes&cmd=resource&f=console.png&s=xxQMck8fRIwvkbBrlfXC HTTP/1.1" 200 -
INFO:werkzeug:127.0.0.1 - - [26/Nov/2024 15:54:50] "[36mGET /users/?__debugger__=yes&cmd=resource&f=console.png HTTP/1.1[0m" 304 -
INFO:logger:###              DEMO: GET /users              ###
INFO:werkzeug:127.0.0.1 - - [26/Nov/2024 15:54:53] "[35m[1mGET /users/ HTTP/1.1[0m" 500 -
INFO:werkzeug:127.0.0.1 - - [26/Nov/2024 15:54:53] "[36mGET /users/?__debugger__=yes&cmd=resource&f=style.css HTTP/1.1[0m" 304 -
INFO:werkzeug:127.0.0.1 - - [26/Nov/2024 15:54:53] "[36mGET /users/?__debugger__=yes&cmd=resource&f=debugger.js HTTP/1.1[0m" 304 -
INFO:werkzeug:127.0.0.1 - - [26/Nov/2024 15:54:53] "[36mGET /users/?__debugger__=yes&cmd=resource&f=console.png&s=xxQMck8fRIwvkbBrlfXC HTTP/1.1[0m" 304 -
INFO:werkzeug:127.0.0.1 - - [26/Nov/2024 15:54:54] "[36mGET /users/?__debugger__=yes&cmd=resource&f=console.png HTTP/1.1[0m" 304 -
INFO:werkzeug:127.0.0.1 - - [26/Nov/2024 16:01:53] "GET / HTTP/1.1" 200 -
INFO:logger:###              DEMO: GET /users              ###
INFO:werkzeug:127.0.0.1 - - [26/Nov/2024 16:01:59] "[35m[1mGET /users/ HTTP/1.1[0m" 500 -
ERROR:werkzeug:Error on request:
Traceback (most recent call last):
  File "C:\Users\HP\AppData\Local\Programs\Python\Python312\Lib\site-packages\werkzeug\debug\__init__.py", line 343, in debug_application
    app_iter = self.app(environ, start_response)
               ^^^^^^^^^^^^^^^^^^^^^^^^^^^^^^^^^
  File "C:\Users\HP\AppData\Local\Programs\Python\Python312\Lib\site-packages\flask\app.py", line 1536, in __call__
    return self.wsgi_app(environ, start_response)
           ^^^^^^^^^^^^^^^^^^^^^^^^^^^^^^^^^^^^^^
  File "C:\Users\HP\AppData\Local\Programs\Python\Python312\Lib\site-packages\flask\app.py", line 1514, in wsgi_app
    response = self.handle_exception(e)
               ^^^^^^^^^^^^^^^^^^^^^^^^
  File "C:\Users\HP\AppData\Local\Programs\Python\Python312\Lib\site-packages\flask\app.py", line 1511, in wsgi_app
    response = self.full_dispatch_request()
               ^^^^^^^^^^^^^^^^^^^^^^^^^^^^
  File "C:\Users\HP\AppData\Local\Programs\Python\Python312\Lib\site-packages\flask\app.py", line 919, in full_dispatch_request
    rv = self.handle_user_exception(e)
         ^^^^^^^^^^^^^^^^^^^^^^^^^^^^^
  File "C:\Users\HP\AppData\Local\Programs\Python\Python312\Lib\site-packages\flask\app.py", line 917, in full_dispatch_request
    rv = self.dispatch_request()
         ^^^^^^^^^^^^^^^^^^^^^^^
  File "C:\Users\HP\AppData\Local\Programs\Python\Python312\Lib\site-packages\flask\app.py", line 902, in dispatch_request
    return self.ensure_sync(self.view_functions[rule.endpoint])(**view_args)  # type: ignore[no-any-return]
           ^^^^^^^^^^^^^^^^^^^^^^^^^^^^^^^^^^^^^^^^^^^^^^^^^^^^^^^^^^^^^^^^^^^^^^^^^^^^^^^^^^^^^^^^^^^^^^^^
  File "c:\Users\HP\Desktop\projetoSGD\python\app\apisgd.py", line 158, in get_all_users
    conn = db_connection()
           ^^^^^^^^^^^^^^^
  File "c:\Users\HP\Desktop\projetoSGD\python\app\apisgd.py", line 133, in db_connection
    db = psycopg2.connect(user = "postgres",
         ^^^^^^^^^^^^^^^^^^^^^^^^^^^^^^^^^^^
  File "C:\Users\HP\AppData\Local\Programs\Python\Python312\Lib\site-packages\psycopg2\__init__.py", line 122, in connect
    conn = _connect(dsn, connection_factory=connection_factory, **kwasync)
           ^^^^^^^^^^^^^^^^^^^^^^^^^^^^^^^^^^^^^^^^^^^^^^^^^^^^^^^^^^^^^^^
psycopg2.OperationalError: connection to server at "localhost" (::1), port 5432 failed: FATAL:  password authentication failed for user "postgres"


During handling of the above exception, another exception occurred:

Traceback (most recent call last):
  File "C:\Users\HP\AppData\Local\Programs\Python\Python312\Lib\site-packages\werkzeug\serving.py", line 370, in run_wsgi
    execute(self.server.app)
  File "C:\Users\HP\AppData\Local\Programs\Python\Python312\Lib\site-packages\werkzeug\serving.py", line 333, in execute
    for data in application_iter:
                ^^^^^^^^^^^^^^^^^
  File "C:\Users\HP\AppData\Local\Programs\Python\Python312\Lib\site-packages\werkzeug\debug\__init__.py", line 378, in debug_application
    environ["wsgi.errors"].write("".join(tb.render_traceback_text()))
OSError: [Errno 22] Invalid argument
INFO:werkzeug:127.0.0.1 - - [26/Nov/2024 16:01:59] "[36mGET /users/?__debugger__=yes&cmd=resource&f=style.css HTTP/1.1[0m" 304 -
INFO:werkzeug:127.0.0.1 - - [26/Nov/2024 16:01:59] "[36mGET /users/?__debugger__=yes&cmd=resource&f=debugger.js HTTP/1.1[0m" 304 -
INFO:werkzeug:127.0.0.1 - - [26/Nov/2024 16:02:00] "[36mGET /users/?__debugger__=yes&cmd=resource&f=console.png&s=xxQMck8fRIwvkbBrlfXC HTTP/1.1[0m" 304 -
INFO:logger:###              DEMO: GET /users              ###
DEBUG:logger:(1, 'dfgd', 'fgfdg')
DEBUG:logger:(2, 'dfg2323232d', 'fgfdg')
DEBUG:logger:(3, '222', 'fgfdg')
DEBUG:logger:(4, '2dfgdf22', 'fdfgdfggfdg')
INFO:werkzeug:127.0.0.1 - - [26/Nov/2024 16:03:47] "GET /users/ HTTP/1.1" 200 -
INFO:logger:
---------------------------------------------------------------
API v1.0 online: http://localhost:8080/
INFO:werkzeug:[31m[1mWARNING: This is a development server. Do not use it in a production deployment. Use a production WSGI server instead.[0m
 * Running on http://127.0.0.1:8080
INFO:werkzeug:[33mPress CTRL+C to quit[0m
INFO:werkzeug: * Restarting with stat
INFO:logger:
---------------------------------------------------------------
API v1.0 online: http://localhost:8080/
WARNING:werkzeug: * Debugger is active!
INFO:werkzeug: * Debugger PIN: 119-983-821
INFO:logger:###              DEMO: GET /users              ###
DEBUG:logger:(1, 'dfgd', 'fgfdg')
DEBUG:logger:(2, 'dfg2323232d', 'fgfdg')
DEBUG:logger:(3, '222', 'fgfdg')
DEBUG:logger:(4, '2dfgdf22', 'fdfgdfggfdg')
INFO:werkzeug:127.0.0.1 - - [26/Nov/2024 16:04:49] "GET /users/ HTTP/1.1" 200 -
INFO:logger:
---------------------------------------------------------------
API v1.0 online: http://localhost:8080/
INFO:werkzeug:[31m[1mWARNING: This is a development server. Do not use it in a production deployment. Use a production WSGI server instead.[0m
 * Running on http://127.0.0.1:8080
INFO:werkzeug:[33mPress CTRL+C to quit[0m
INFO:werkzeug: * Restarting with stat
INFO:werkzeug:127.0.0.1 - - [26/Nov/2024 16:05:28] "[32mPOST /users HTTP/1.1[0m" 308 -
INFO:logger:###              DEMO: POST /user              ###
INFO:werkzeug:127.0.0.1 - - [26/Nov/2024 16:05:28] "[35m[1mPOST /users/ HTTP/1.1[0m" 500 -
ERROR:werkzeug:Error on request:
Traceback (most recent call last):
  File "C:\Users\HP\AppData\Local\Programs\Python\Python312\Lib\site-packages\werkzeug\debug\__init__.py", line 343, in debug_application
    app_iter = self.app(environ, start_response)
               ^^^^^^^^^^^^^^^^^^^^^^^^^^^^^^^^^
  File "C:\Users\HP\AppData\Local\Programs\Python\Python312\Lib\site-packages\flask\app.py", line 1536, in __call__
    return self.wsgi_app(environ, start_response)
           ^^^^^^^^^^^^^^^^^^^^^^^^^^^^^^^^^^^^^^
  File "C:\Users\HP\AppData\Local\Programs\Python\Python312\Lib\site-packages\flask\app.py", line 1514, in wsgi_app
    response = self.handle_exception(e)
               ^^^^^^^^^^^^^^^^^^^^^^^^
  File "C:\Users\HP\AppData\Local\Programs\Python\Python312\Lib\site-packages\flask\app.py", line 1511, in wsgi_app
    response = self.full_dispatch_request()
               ^^^^^^^^^^^^^^^^^^^^^^^^^^^^
  File "C:\Users\HP\AppData\Local\Programs\Python\Python312\Lib\site-packages\flask\app.py", line 919, in full_dispatch_request
    rv = self.handle_user_exception(e)
         ^^^^^^^^^^^^^^^^^^^^^^^^^^^^^
  File "C:\Users\HP\AppData\Local\Programs\Python\Python312\Lib\site-packages\flask\app.py", line 917, in full_dispatch_request
    rv = self.dispatch_request()
         ^^^^^^^^^^^^^^^^^^^^^^^
  File "C:\Users\HP\AppData\Local\Programs\Python\Python312\Lib\site-packages\flask\app.py", line 902, in dispatch_request
    return self.ensure_sync(self.view_functions[rule.endpoint])(**view_args)  # type: ignore[no-any-return]
           ^^^^^^^^^^^^^^^^^^^^^^^^^^^^^^^^^^^^^^^^^^^^^^^^^^^^^^^^^^^^^^^^^^^^^^^^^^^^^^^^^^^^^^^^^^^^^^^^
  File "c:\Users\HP\Desktop\projetoSGD\python\app\apisgd.py", line 86, in criar_user
    payload = request.get_json()
              ^^^^^^^^^^^^^^^^^^
NameError: name 'request' is not defined

During handling of the above exception, another exception occurred:

Traceback (most recent call last):
  File "C:\Users\HP\AppData\Local\Programs\Python\Python312\Lib\site-packages\werkzeug\serving.py", line 370, in run_wsgi
    execute(self.server.app)
  File "C:\Users\HP\AppData\Local\Programs\Python\Python312\Lib\site-packages\werkzeug\serving.py", line 333, in execute
    for data in application_iter:
                ^^^^^^^^^^^^^^^^^
  File "C:\Users\HP\AppData\Local\Programs\Python\Python312\Lib\site-packages\werkzeug\debug\__init__.py", line 378, in debug_application
    environ["wsgi.errors"].write("".join(tb.render_traceback_text()))
OSError: [Errno 22] Invalid argument
INFO:logger:
---------------------------------------------------------------
API v1.0 online: http://localhost:8080/
WARNING:werkzeug: * Debugger is active!
INFO:werkzeug: * Debugger PIN: 119-983-821
INFO:werkzeug: * Detected change in 'c:\\Users\\HP\\Desktop\\projetoSGD\\python\\app\\apisgd.py', reloading
INFO:werkzeug: * Restarting with stat
INFO:werkzeug: * Detected change in 'c:\\Users\\HP\\Desktop\\projetoSGD\\python\\app\\apisgd.py', reloading
INFO:werkzeug: * Restarting with stat
INFO:logger:
---------------------------------------------------------------
API v1.0 online: http://localhost:8080/
INFO:logger:
---------------------------------------------------------------
API v1.0 online: http://localhost:8080/
WARNING:werkzeug: * Debugger is active!
INFO:werkzeug: * Debugger PIN: 119-983-821
WARNING:werkzeug: * Debugger is active!
INFO:werkzeug: * Debugger PIN: 119-983-821
INFO:logger:
---------------------------------------------------------------
API v1.0 online: http://localhost:8080/
INFO:werkzeug:[31m[1mWARNING: This is a development server. Do not use it in a production deployment. Use a production WSGI server instead.[0m
 * Running on http://127.0.0.1:8080
INFO:werkzeug:[33mPress CTRL+C to quit[0m
INFO:werkzeug: * Restarting with stat
INFO:logger:
---------------------------------------------------------------
API v1.0 online: http://localhost:8080/
WARNING:werkzeug: * Debugger is active!
INFO:werkzeug: * Debugger PIN: 119-983-821
INFO:logger:
---------------------------------------------------------------
API v1.0 online: http://localhost:8080/
INFO:werkzeug:[31m[1mWARNING: This is a development server. Do not use it in a production deployment. Use a production WSGI server instead.[0m
 * Running on http://127.0.0.1:8080
INFO:werkzeug:[33mPress CTRL+C to quit[0m
INFO:werkzeug: * Restarting with stat
INFO:logger:
---------------------------------------------------------------
API v1.0 online: http://localhost:8080/
WARNING:werkzeug: * Debugger is active!
INFO:werkzeug: * Debugger PIN: 119-983-821
INFO:werkzeug: * Detected change in 'c:\\Users\\HP\\Desktop\\projetoSGD\\python\\app\\apisgd.py', reloading
INFO:werkzeug: * Restarting with stat
INFO:logger:
---------------------------------------------------------------
API v1.0 online: http://localhost:8080/
WARNING:werkzeug: * Debugger is active!
INFO:werkzeug: * Debugger PIN: 119-983-821
INFO:logger:
---------------------------------------------------------------
API v1.0 online: http://localhost:8080/
INFO:werkzeug:[31m[1mWARNING: This is a development server. Do not use it in a production deployment. Use a production WSGI server instead.[0m
 * Running on http://127.0.0.1:8080
INFO:werkzeug:[33mPress CTRL+C to quit[0m
INFO:werkzeug: * Restarting with stat
INFO:logger:
---------------------------------------------------------------
API v1.0 online: http://localhost:8080/
WARNING:werkzeug: * Debugger is active!
INFO:werkzeug: * Debugger PIN: 119-983-821
INFO:werkzeug: * Detected change in 'c:\\Users\\HP\\Desktop\\projetoSGD\\python\\app\\apisgd.py', reloading
INFO:werkzeug: * Restarting with stat
INFO:logger:
---------------------------------------------------------------
API v1.0 online: http://localhost:8080/
WARNING:werkzeug: * Debugger is active!
INFO:werkzeug: * Debugger PIN: 119-983-821
INFO:werkzeug: * Detected change in 'c:\\Users\\HP\\Desktop\\projetoSGD\\python\\app\\apisgd.py', reloading
INFO:werkzeug: * Restarting with stat
